<?xml version="1.0" encoding="UTF-8"?>
<!-- Generated by org.testng.reporters.JUnitXMLReporter -->
<testsuite ignored="0" hostname="DESKTOP-39DL19M" failures="1" tests="2" name="Validate Navigate to Page" time="10.368" errors="0" timestamp="2020-09-06T23:08:02 CDT">
  <testcase classname="Santosh.ValidatePage" name="baseNavigation" time="1.65">
    <failure type="java.lang.AssertionError" message="expected [Featured Courses123] but found [Featured Courses]">
      <![CDATA[java.lang.AssertionError: expected [Featured Courses123] but found [Featured Courses]
at Santosh.ValidatePage.baseNavigation(ValidatePage.java:47)
at java.base/java.util.ArrayList.forEach(ArrayList.java:1510)
at java.base/java.util.concurrent.FutureTask.run(FutureTask.java:264)
at java.base/java.util.concurrent.ThreadPoolExecutor.runWorker(ThreadPoolExecutor.java:1130)
at java.base/java.util.concurrent.ThreadPoolExecutor$Worker.run(ThreadPoolExecutor.java:630)
at java.base/java.lang.Thread.run(Thread.java:832)
... Removed 23 stack frames]]>
    </failure>
  </testcase> <!-- baseNavigation -->
  <testcase classname="Santosh.validateNavigationBar" name="baseNavigation" time="0.113"/>
</testsuite> <!-- Validate Navigate to Page -->
