<?xml version="1.0" encoding="UTF-8"?>
<!-- Generated by org.testng.reporters.JUnitReportReporter -->
<testsuite hostname="DESKTOP-39DL19M" failures="0" tests="2" name="Santosh.validateNavigationBar" time="14.513" errors="1" timestamp="2020-09-06T23:42:41 CDT" skipped="1">
  <testcase classname="Santosh.validateNavigationBar" name="initialize" time="14.513">
    <error message="session not created
from chrome not reachable
  (Session info: chrome=85.0.4183.83)
Build info: version: &#039;3.141.59&#039;, revision: &#039;e82be7d358&#039;, time: &#039;2018-11-14T08:17:03&#039;
System info: host: &#039;DESKTOP-39DL19M&#039;, ip: &#039;192.168.1.144&#039;, os.name: &#039;Windows 10&#039;, os.arch: &#039;amd64&#039;, os.version: &#039;10.0&#039;, java.version: &#039;14.0.1&#039;
Driver info: driver.version: ChromeDriver
remote stacktrace: Backtrace:
	Ordinal0 [0x0113D383+3134339]
	Ordinal0 [0x0102A171+2007409]
	Ordinal0 [0x00ECAD90+568720]
	Ordinal0 [0x00EC1364+529252]
	Ordinal0 [0x00EC19FC+530940]
	Ordinal0 [0x00EC2C15+535573]
	Ordinal0 [0x00EBDFC5+516037]
	Ordinal0 [0x00ECBF70+573296]
	Ordinal0 [0x00E71916+203030]
	Ordinal0 [0x00E70C1D+199709]
	Ordinal0 [0x00E6EB0B+191243]
	Ordinal0 [0x00E52E77+77431]
	Ordinal0 [0x00E53E3E+81470]
	Ordinal0 [0x00E53DC9+81353]
	Ordinal0 [0x01040CD9+2100441]
	GetHandleVerifier [0x012AB75A+1396954]
	GetHandleVerifier [0x012AB3D9+1396057]
	GetHandleVerifier [0x012B7126+1444518]
	GetHandleVerifier [0x012ABCE8+1398376]
	Ordinal0 [0x01037F51+2064209]
	Ordinal0 [0x010422EB+2106091]
	Ordinal0 [0x01042411+2106385]
	Ordinal0 [0x010549C4+2181572]
	BaseThreadInitThunk [0x7699F989+25]
	RtlGetAppContainerNamedObjectPath [0x775B74A4+228]
	RtlGetAppContainerNamedObjectPath [0x775B7474+180]
" type="org.openqa.selenium.SessionNotCreatedException">
      <![CDATA[org.openqa.selenium.SessionNotCreatedException: session not created
from chrome not reachable
  (Session info: chrome=85.0.4183.83)
Build info: version: '3.141.59', revision: 'e82be7d358', time: '2018-11-14T08:17:03'
System info: host: 'DESKTOP-39DL19M', ip: '192.168.1.144', os.name: 'Windows 10', os.arch: 'amd64', os.version: '10.0', java.version: '14.0.1'
Driver info: driver.version: ChromeDriver
remote stacktrace: Backtrace:
Ordinal0 [0x0113D383+3134339]
Ordinal0 [0x0102A171+2007409]
Ordinal0 [0x00ECAD90+568720]
Ordinal0 [0x00EC1364+529252]
Ordinal0 [0x00EC19FC+530940]
Ordinal0 [0x00EC2C15+535573]
Ordinal0 [0x00EBDFC5+516037]
Ordinal0 [0x00ECBF70+573296]
Ordinal0 [0x00E71916+203030]
Ordinal0 [0x00E70C1D+199709]
Ordinal0 [0x00E6EB0B+191243]
Ordinal0 [0x00E52E77+77431]
Ordinal0 [0x00E53E3E+81470]
Ordinal0 [0x00E53DC9+81353]
Ordinal0 [0x01040CD9+2100441]
GetHandleVerifier [0x012AB75A+1396954]
GetHandleVerifier [0x012AB3D9+1396057]
GetHandleVerifier [0x012B7126+1444518]
GetHandleVerifier [0x012ABCE8+1398376]
Ordinal0 [0x01037F51+2064209]
Ordinal0 [0x010422EB+2106091]
Ordinal0 [0x01042411+2106385]
Ordinal0 [0x010549C4+2181572]
BaseThreadInitThunk [0x7699F989+25]
RtlGetAppContainerNamedObjectPath [0x775B74A4+228]
RtlGetAppContainerNamedObjectPath [0x775B7474+180]

at java.base/jdk.internal.reflect.NativeConstructorAccessorImpl.newInstance0(Native Method)
at java.base/jdk.internal.reflect.NativeConstructorAccessorImpl.newInstance(NativeConstructorAccessorImpl.java:62)
at java.base/jdk.internal.reflect.DelegatingConstructorAccessorImpl.newInstance(DelegatingConstructorAccessorImpl.java:45)
at java.base/java.lang.reflect.Constructor.newInstanceWithCaller(Constructor.java:500)
at java.base/java.lang.reflect.Constructor.newInstance(Constructor.java:481)
at org.openqa.selenium.remote.W3CHandshakeResponse.lambda$errorHandler$0(W3CHandshakeResponse.java:62)
at org.openqa.selenium.remote.HandshakeResponse.lambda$getResponseFunction$0(HandshakeResponse.java:30)
at org.openqa.selenium.remote.ProtocolHandshake.lambda$createSession$0(ProtocolHandshake.java:126)
at java.base/java.util.stream.ReferencePipeline$3$1.accept(ReferencePipeline.java:195)
at java.base/java.util.Spliterators$ArraySpliterator.tryAdvance(Spliterators.java:958)
at java.base/java.util.stream.ReferencePipeline.forEachWithCancel(ReferencePipeline.java:127)
at java.base/java.util.stream.AbstractPipeline.copyIntoWithCancel(AbstractPipeline.java:502)
at java.base/java.util.stream.AbstractPipeline.copyInto(AbstractPipeline.java:488)
at java.base/java.util.stream.AbstractPipeline.wrapAndCopyInto(AbstractPipeline.java:474)
at java.base/java.util.stream.FindOps$FindOp.evaluateSequential(FindOps.java:150)
at java.base/java.util.stream.AbstractPipeline.evaluate(AbstractPipeline.java:234)
at java.base/java.util.stream.ReferencePipeline.findFirst(ReferencePipeline.java:543)
at org.openqa.selenium.remote.ProtocolHandshake.createSession(ProtocolHandshake.java:128)
at org.openqa.selenium.remote.ProtocolHandshake.createSession(ProtocolHandshake.java:74)
at org.openqa.selenium.remote.HttpCommandExecutor.execute(HttpCommandExecutor.java:136)
at org.openqa.selenium.remote.service.DriverCommandExecutor.execute(DriverCommandExecutor.java:83)
at org.openqa.selenium.remote.RemoteWebDriver.execute(RemoteWebDriver.java:552)
at org.openqa.selenium.remote.RemoteWebDriver.startSession(RemoteWebDriver.java:213)
at org.openqa.selenium.remote.RemoteWebDriver.<init>(RemoteWebDriver.java:131)
at org.openqa.selenium.chrome.ChromeDriver.<init>(ChromeDriver.java:181)
at org.openqa.selenium.chrome.ChromeDriver.<init>(ChromeDriver.java:168)
at org.openqa.selenium.chrome.ChromeDriver.<init>(ChromeDriver.java:123)
at resources.Base.initializeDriver(Base.java:42)
at Santosh.validateNavigationBar.initialize(validateNavigationBar.java:29)
at java.base/jdk.internal.reflect.NativeMethodAccessorImpl.invoke0(Native Method)
at java.base/jdk.internal.reflect.NativeMethodAccessorImpl.invoke(NativeMethodAccessorImpl.java:62)
at java.base/jdk.internal.reflect.DelegatingMethodAccessorImpl.invoke(DelegatingMethodAccessorImpl.java:43)
at java.base/java.lang.reflect.Method.invoke(Method.java:564)
at org.testng.internal.MethodInvocationHelper.invokeMethod(MethodInvocationHelper.java:134)
at org.testng.internal.MethodInvocationHelper.invokeMethodConsideringTimeout(MethodInvocationHelper.java:63)
at org.testng.internal.ConfigInvoker.invokeConfigurationMethod(ConfigInvoker.java:348)
at org.testng.internal.ConfigInvoker.invokeConfigurations(ConfigInvoker.java:302)
at org.testng.TestRunner.invokeTestConfigurations(TestRunner.java:619)
at org.testng.TestRunner.beforeRun(TestRunner.java:609)
at org.testng.TestRunner.run(TestRunner.java:580)
at org.testng.SuiteRunner.runTest(SuiteRunner.java:384)
at org.testng.SuiteRunner.runSequentially(SuiteRunner.java:378)
at org.testng.SuiteRunner.privateRun(SuiteRunner.java:337)
at org.testng.SuiteRunner.run(SuiteRunner.java:286)
at org.testng.SuiteRunnerWorker.runSuite(SuiteRunnerWorker.java:53)
at org.testng.SuiteRunnerWorker.run(SuiteRunnerWorker.java:96)
at org.testng.TestNG.runSuitesSequentially(TestNG.java:1187)
at org.testng.TestNG.runSuitesLocally(TestNG.java:1109)
at org.testng.TestNG.runSuites(TestNG.java:1039)
at org.testng.TestNG.run(TestNG.java:1007)
at org.testng.remote.AbstractRemoteTestNG.run(AbstractRemoteTestNG.java:115)
at org.testng.remote.RemoteTestNG.initAndRun(RemoteTestNG.java:251)
at org.testng.remote.RemoteTestNG.main(RemoteTestNG.java:77)
]]>
    </error>
  </testcase> <!-- initialize -->
  <system-out/>
  <testcase classname="Santosh.validateNavigationBar" name="baseNavigation" time="0.000">
    <skipped/>
  </testcase> <!-- baseNavigation -->
  <system-out/>
</testsuite> <!-- Santosh.validateNavigationBar -->
